<?xml version="1.0" encoding="UTF-8"?>
<testng-results skipped="0" failed="0" ignored="0" total="1" passed="1">
  <reporter-output>
  </reporter-output>
  <suite name="Default suite" duration-ms="4490" started-at="2021-06-21T19:05:01 IST" finished-at="2021-06-21T19:05:05 IST">
    <groups>
    </groups>
    <test name="Default test" duration-ms="4490" started-at="2021-06-21T19:05:01 IST" finished-at="2021-06-21T19:05:05 IST">
      <class name="tests.Validatejsonschema">
        <test-method status="PASS" signature="localapiget()[pri:0, instance:tests.Validatejsonschema@fad74ee]" name="localapiget" duration-ms="4427" started-at="2021-06-21T19:05:01 IST" finished-at="2021-06-21T19:05:05 IST">
          <reporter-output>
          </reporter-output>
        </test-method> <!-- localapiget -->
      </class> <!-- tests.Validatejsonschema -->
    </test> <!-- Default test -->
  </suite> <!-- Default suite -->
</testng-results>
